<?xml version="1.0" encoding="UTF-8"?>
<testng-results skipped="0" failed="0" ignored="0" total="1" passed="1">
  <reporter-output>
  </reporter-output>
  <suite name="Default suite" duration-ms="8628" started-at="2021-05-15T12:39:35 CDT" finished-at="2021-05-15T12:39:44 CDT">
    <groups>
    </groups>
    <test name="Default test" duration-ms="8628" started-at="2021-05-15T12:39:35 CDT" finished-at="2021-05-15T12:39:44 CDT">
      <class name="variousConcepts.LearningTestNg">
        <test-method status="PASS" signature="readconfig()[pri:0, instance:variousConcepts.LearningTestNg@7e2d773b]" name="readconfig" is-config="true" duration-ms="9" started-at="2021-05-15T12:39:35 CDT" finished-at="2021-05-15T12:39:35 CDT">
          <reporter-output>
          </reporter-output>
        </test-method> <!-- readconfig -->
        <test-method status="PASS" signature="init()[pri:0, instance:variousConcepts.LearningTestNg@7e2d773b]" name="init" is-config="true" duration-ms="7004" started-at="2021-05-15T12:39:35 CDT" finished-at="2021-05-15T12:39:42 CDT">
          <reporter-output>
          </reporter-output>
        </test-method> <!-- init -->
        <test-method status="PASS" signature="input()[pri:0, instance:variousConcepts.LearningTestNg@7e2d773b]" name="input" duration-ms="1568" started-at="2021-05-15T12:39:42 CDT" finished-at="2021-05-15T12:39:44 CDT">
          <reporter-output>
          </reporter-output>
        </test-method> <!-- input -->
      </class> <!-- variousConcepts.LearningTestNg -->
    </test> <!-- Default test -->
  </suite> <!-- Default suite -->
</testng-results>
